<?xml version="1.0" encoding="UTF-8"?>
<!-- Generated by org.testng.reporters.JUnitXMLReporter -->
<testsuite hostname="LAPTOP-ME982STI" ignored="0" name="Test" tests="3" failures="0" timestamp="17 Sep 2020 09:49:41 GMT" time="66.684" errors="0">
  <testcase name="@AfterClass Extentsreport" time="0.011" classname="com.test_runner.TestRunner">
    <failure type="java.lang.NullPointerException">
      <![CDATA[java.lang.NullPointerException
at com.vimalselvam.cucumber.listener.Reporter.loadXMLConfig(Reporter.java:57)
at com.test_runner.TestRunner.Extentsreport(TestRunner.java:38)
... Removed 29 stack frames]]>
    </failure>
  </testcase> <!-- @AfterClass Extentsreport -->
  <testcase name="runScenario" time="26.474" classname="io.cucumber.testng.AbstractTestNGCucumberTests"/>
  <testcase name="runScenario" time="19.509" classname="io.cucumber.testng.AbstractTestNGCucumberTests"/>
  <testcase name="runScenario" time="18.482" classname="io.cucumber.testng.AbstractTestNGCucumberTests"/>
</testsuite> <!-- Test -->
