<?xml version="1.0" encoding="UTF-8"?>
<!-- Generated by org.testng.reporters.JUnitXMLReporter -->
<testsuite hostname="LAPTOP-ME982STI" ignored="0" name="Test" tests="4" failures="0" timestamp="17 Sep 2020 16:01:37 GMT" time="114.336" errors="0">
  <testcase name="@AfterClass Extentsreport" time="0.016" classname="com.test_runner.TestRunner">
    <failure type="java.lang.NullPointerException">
      <![CDATA[java.lang.NullPointerException
at com.vimalselvam.cucumber.listener.Reporter.loadXMLConfig(Reporter.java:57)
at com.test_runner.TestRunner.Extentsreport(TestRunner.java:38)
... Removed 26 stack frames]]>
    </failure>
  </testcase> <!-- @AfterClass Extentsreport -->
  <testcase name="runScenario" time="26.959" classname="io.cucumber.testng.AbstractTestNGCucumberTests"/>
  <testcase name="runScenario" time="21.269" classname="io.cucumber.testng.AbstractTestNGCucumberTests"/>
  <testcase name="runScenario" time="28.466" classname="io.cucumber.testng.AbstractTestNGCucumberTests"/>
  <testcase name="runScenario" time="34.802" classname="io.cucumber.testng.AbstractTestNGCucumberTests"/>
</testsuite> <!-- Test -->
