-------------------------------------------------------------------------------
Test set: TestSuite
-------------------------------------------------------------------------------
Tests run: 5, Failures: 1, Errors: 0, Skipped: 0, Time elapsed: 106.619 s <<< FAILURE! - in TestSuite
Extentsreport(com.test_runner.TestRunner)  Time elapsed: 23.294 s  <<< FAILURE!
java.lang.NullPointerException
	at com.test_runner.TestRunner.Extentsreport(TestRunner.java:38)

