<?xml version="1.0" encoding="UTF-8"?>
<testng-results skipped="0" failed="0" ignored="0" total="3" passed="3">
  <reporter-output>
  </reporter-output>
  <suite name="Default suite" duration-ms="78385" started-at="2020-09-17T11:33:20 IST" finished-at="2020-09-17T11:34:38 IST">
    <groups>
      <group name="cucumber">
        <method signature="AbstractTestNGCucumberTests.runScenario(io.cucumber.testng.PickleWrapper, io.cucumber.testng.FeatureWrapper)[pri:0, instance:com.test_runner.TestRunner@49f5c307]" name="runScenario" class="io.cucumber.testng.AbstractTestNGCucumberTests"/>
      </group> <!-- cucumber -->
    </groups>
    <test name="Default test" duration-ms="78385" started-at="2020-09-17T11:33:20 IST" finished-at="2020-09-17T11:34:38 IST">
      <class name="com.test_runner.TestRunner">
        <test-method status="PASS" signature="setUpClass()[pri:0, instance:com.test_runner.TestRunner@49f5c307]" name="setUpClass" is-config="true" duration-ms="941" started-at="2020-09-17T11:33:20 IST" finished-at="2020-09-17T11:33:21 IST">
          <reporter-output>
          </reporter-output>
        </test-method> <!-- setUpClass -->
        <test-method status="PASS" signature="runScenario(io.cucumber.testng.PickleWrapper, io.cucumber.testng.FeatureWrapper)[pri:0, instance:com.test_runner.TestRunner@49f5c307]" name="runScenario" duration-ms="28296" started-at="2020-09-17T11:33:21 IST" description="Runs Cucumber Scenarios" data-provider="scenarios" finished-at="2020-09-17T11:33:49 IST">
          <params>
            <param index="0">
              <value>
                <![CDATA["To Test the Admin Functionality of OrangeHrm"]]>
              </value>
            </param>
            <param index="1">
              <value>
                <![CDATA["To Test The OrangeHrm Application"]]>
              </value>
            </param>
          </params>
          <reporter-output>
          </reporter-output>
        </test-method> <!-- runScenario -->
        <test-method status="PASS" signature="runScenario(io.cucumber.testng.PickleWrapper, io.cucumber.testng.FeatureWrapper)[pri:0, instance:com.test_runner.TestRunner@49f5c307]" name="runScenario" duration-ms="23500" started-at="2020-09-17T11:33:50 IST" description="Runs Cucumber Scenarios" data-provider="scenarios" finished-at="2020-09-17T11:34:13 IST">
          <params>
            <param index="0">
              <value>
                <![CDATA["To Test the Admin Functionality of OrangeHrm"]]>
              </value>
            </param>
            <param index="1">
              <value>
                <![CDATA["To Test The OrangeHrm Application"]]>
              </value>
            </param>
          </params>
          <reporter-output>
          </reporter-output>
        </test-method> <!-- runScenario -->
        <test-method status="PASS" signature="runScenario(io.cucumber.testng.PickleWrapper, io.cucumber.testng.FeatureWrapper)[pri:0, instance:com.test_runner.TestRunner@49f5c307]" name="runScenario" duration-ms="24622" started-at="2020-09-17T11:34:13 IST" description="Runs Cucumber Scenarios" data-provider="scenarios" finished-at="2020-09-17T11:34:38 IST">
          <params>
            <param index="0">
              <value>
                <![CDATA["To Test the Admin Functionality of OrangeHrm"]]>
              </value>
            </param>
            <param index="1">
              <value>
                <![CDATA["To Test The OrangeHrm Application"]]>
              </value>
            </param>
          </params>
          <reporter-output>
          </reporter-output>
        </test-method> <!-- runScenario -->
        <test-method status="FAIL" signature="Extentsreport()[pri:0, instance:com.test_runner.TestRunner@49f5c307]" name="Extentsreport" is-config="true" duration-ms="11" started-at="2020-09-17T11:34:38 IST" finished-at="2020-09-17T11:34:38 IST">
          <exception class="java.lang.NullPointerException">
            <full-stacktrace>
              <![CDATA[java.lang.NullPointerException
at com.vimalselvam.cucumber.listener.Reporter.loadXMLConfig(Reporter.java:57)
at com.test_runner.TestRunner.Extentsreport(TestRunner.java:38)
at sun.reflect.NativeMethodAccessorImpl.invoke0(Native Method)
at sun.reflect.NativeMethodAccessorImpl.invoke(Unknown Source)
at sun.reflect.DelegatingMethodAccessorImpl.invoke(Unknown Source)
at java.lang.reflect.Method.invoke(Unknown Source)
at org.testng.internal.MethodInvocationHelper.invokeMethod(MethodInvocationHelper.java:132)
at org.testng.internal.MethodInvocationHelper.invokeMethodConsideringTimeout(MethodInvocationHelper.java:61)
at org.testng.internal.ConfigInvoker.invokeConfigurationMethod(ConfigInvoker.java:366)
at org.testng.internal.ConfigInvoker.invokeConfigurations(ConfigInvoker.java:320)
at org.testng.internal.TestMethodWorker.invokeAfterClassMethods(TestMethodWorker.java:217)
at org.testng.internal.TestMethodWorker.run(TestMethodWorker.java:130)
at java.util.ArrayList.forEach(Unknown Source)
at org.testng.TestRunner.privateRun(TestRunner.java:764)
at org.testng.TestRunner.run(TestRunner.java:585)
at org.testng.SuiteRunner.runTest(SuiteRunner.java:384)
at org.testng.SuiteRunner.runSequentially(SuiteRunner.java:378)
at org.testng.SuiteRunner.privateRun(SuiteRunner.java:337)
at org.testng.SuiteRunner.run(SuiteRunner.java:286)
at org.testng.SuiteRunnerWorker.runSuite(SuiteRunnerWorker.java:53)
at org.testng.SuiteRunnerWorker.run(SuiteRunnerWorker.java:96)
at org.testng.TestNG.runSuitesSequentially(TestNG.java:1218)
at org.testng.TestNG.runSuitesLocally(TestNG.java:1140)
at org.testng.TestNG.runSuites(TestNG.java:1069)
at org.testng.TestNG.run(TestNG.java:1037)
at org.testng.remote.AbstractRemoteTestNG.run(AbstractRemoteTestNG.java:115)
at org.testng.remote.RemoteTestNG.initAndRun(RemoteTestNG.java:251)
at org.testng.remote.RemoteTestNG.main(RemoteTestNG.java:77)
]]>
            </full-stacktrace>
          </exception> <!-- java.lang.NullPointerException -->
          <reporter-output>
          </reporter-output>
        </test-method> <!-- Extentsreport -->
        <test-method status="PASS" signature="tearDownClass()[pri:0, instance:com.test_runner.TestRunner@49f5c307]" name="tearDownClass" is-config="true" duration-ms="689" started-at="2020-09-17T11:34:38 IST" finished-at="2020-09-17T11:34:38 IST">
          <reporter-output>
          </reporter-output>
        </test-method> <!-- tearDownClass -->
      </class> <!-- com.test_runner.TestRunner -->
    </test> <!-- Default test -->
  </suite> <!-- Default suite -->
</testng-results>
