-------------------------------------------------------------------------------
Test set: TestSuite
-------------------------------------------------------------------------------
Tests run: 4, Failures: 1, Errors: 0, Skipped: 0, Time elapsed: 69.475 s <<< FAILURE! - in TestSuite
Extentsreport(com.test_runner.TestRunner)  Time elapsed: 18.51 s  <<< FAILURE!
java.lang.NullPointerException
	at com.test_runner.TestRunner.Extentsreport(TestRunner.java:38)

