<?xml version="1.0" encoding="UTF-8"?>
<testsuite xmlns:xsi="http://www.w3.org/2001/XMLSchema-instance" xsi:noNamespaceSchemaLocation="https://maven.apache.org/surefire/maven-surefire-plugin/xsd/surefire-test-report.xsd" name="TestSuite" time="69.475" tests="4" errors="0" skipped="0" failures="1">
  <properties>
[...]
</properties>
  <testcase name="runScenario" classname="com.test_runner.TestRunner" time="26.608"/>
  <testcase name="runScenario" classname="com.test_runner.TestRunner" time="19.509"/>
  <testcase name="runScenario" classname="com.test_runner.TestRunner" time="18.481"/>
  <testcase name="Extentsreport" classname="com.test_runner.TestRunner" time="18.51">
    <failure type="java.lang.NullPointerException">java.lang.NullPointerException
	at com.test_runner.TestRunner.Extentsreport(TestRunner.java:38)
</failure>
  </testcase>
</testsuite>